1                                           STEADY-STATE DISSOLVED OXYGEN CALCULATIONS
0                                           Wasteload Allocation Model for Walnut Creek, Alabama  October 1991 Hydra
0                                                           NO OF SEGMENTS =  6
0                                              RATIO OF ULTIMATE CBOD TO CBOD5 =    1.00
0                                                         PRINTING INTERVAL =    0.10
0                                                      STARTING VALUE OF XL =    -0.20
0                                                    I N P U T  P A R A M E T E R S 
0                                                          CONCENTRATIONS OF --
0            SEGMENT                      CARBONACEOUS 5-DAY CBOD              NITROGENOUS BOD           DO DEFICIT
0
                1                            1.200                         2.876                         2.500
                2                            0.000                         0.000                         0.000
                3                            1.200                         1.300                         2.000
                4                            1.200                         2.000                         2.000
                5                            1.200                         2.000                         2.000
                6                            1.260                         1.670                         2.110
0                                                         DIRECT DISCHARGES OF --
0            SEGMENT                      CARBONACEOUS 5-DAY BOD           NITROGENOUS BOD               DO DEFICIT
0
                1                            0.000                         0.000                         0.000
                2                            8.100                         0.000                         0.000
                3                            0.000                         0.000                         0.000
                4                           44.400                        66.600                         9.100
                5                            0.000                         0.000                         0.000
                6                            0.000                         0.000                         0.000
0          SEGMENT                      NET PHOTOSYNTHETIC DO PRODUCTION      BENTHIC DO DEMAND
                                                  (mg/l/day)                       (g/sq m/day)
0              1                                      0.000                            0.000
              2                                      0.000                            0.000
              3                                      0.000                            0.000
              4                                      0.000                            0.000
              5                                      0.000                            0.000
              6                                      0.000                            0.000

                                                  G E O M E T R Y

  SEGMENT         FLOW                AREA               HEIGHT               TEMP                 LENGTH
                  (cfs)              (sqft)               (ft)             (Deg Cent)             (mi)

      1              6.1                36.                0.50                27.00                 0.00
      2              4.8                65.                0.50                27.00                 1.20
      3              2.0                82.                0.75                27.00                 2.85
      4              2.4                67.                1.00                27.00                 5.04
      5              1.5                79.                2.00                27.00                 6.39
      6             31.5               120.                4.50                27.00                 7.13
0                                             R E A C T I O N  C O E F F I C I E N T S (/day)
0   SEGMENT               Kr                            Kd                            Kn                            Ka
0
     1                 0.000                         0.000                         0.000
     2                 0.060                         0.060                         0.000
     3                 0.060                         0.060                         0.000
     4                 0.060                         0.060                         0.000
     5                 0.060                         0.060                         0.000
     6                 0.060                         0.060                         0.000
0                                               TEMPERATURE CORRECTED REACTION COEFFICIENTS
0
     1                 0.000                         0.000                         0.000                         0.000
     2                 0.083                         0.083                         0.000                         2.775
     3                 0.083                         0.083                         0.000                         2.328
     4                 0.083                         0.083                         0.000                         2.543
     5                 0.083                         0.083                         0.000                         2.663
     6                 0.083                         0.083                         0.000                         1.694
0                                 SEGMENT                    DISSOLVED OXYGEN SATURATION (mg/l)
                                  1                                      7.986
                                  2                                      7.986
                                  3                                      7.986
                                  4                                      7.986
                                  5                                      7.986
                                  6                                      7.986
0  SEGMENT   DISTANCE       TRAVEL TIME     CARBONACEOUS BOD5      NITROGENOUS BOD           DO DEFICIT        DO
0
      1       -0.200             0.000               1.200               2.876               2.500            5.486
      1       -0.100             0.036               1.200               2.876               2.500            5.486
      1        0.000             0.071               1.200               2.876               2.500            5.486
0
      2        0.000             0.071               0.814               1.620               1.408            6.578
      2        0.100             0.108               0.811               1.620               1.275            6.712
      2        0.200             0.144               0.809               1.620               1.154            6.832
      2        0.300             0.181               0.807               1.620               1.045            6.941
      2        0.400             0.217               0.804               1.620               0.947            7.040
      2        0.500             0.254               0.802               1.620               0.858            7.129
      2        0.600             0.290               0.800               1.620               0.777            7.209
      2        0.700             0.327               0.797               1.620               0.704            7.282
      2        0.800             0.364               0.795               1.620               0.639            7.348
      2        0.900             0.400               0.793               1.620               0.579            7.407
      2        1.000             0.437               0.790               1.620               0.526            7.461
      2        1.100             0.473               0.788               1.620               0.477            7.509
      2        1.200             0.510               0.786               1.620               0.433            7.553
0
      3        1.200             0.510               0.850               1.570               0.676            7.310
      3        1.300             0.549               0.847               1.570               0.620            7.366
      3        1.400             0.588               0.845               1.570               0.569            7.418
      3        1.500             0.627               0.842               1.570               0.522            7.465
      3        1.600             0.666               0.840               1.570               0.479            7.507
      3        1.700             0.705               0.837               1.570               0.440            7.546
      3        1.800             0.744               0.835               1.570               0.404            7.582
      3        1.900             0.783               0.832               1.570               0.372            7.615
      3        2.000             0.822               0.829               1.570               0.342            7.645
      3        2.100             0.861               0.827               1.570               0.315            7.672
      3        2.200             0.900               0.824               1.570               0.290            7.697
      3        2.300             0.939               0.822               1.570               0.267            7.719
      3        2.400             0.978               0.819               1.570               0.246            7.740
      3        2.500             1.017               0.817               1.570               0.227            7.759
      3        2.600             1.056               0.814               1.570               0.210            7.776
      3        2.700             1.095               0.812               1.570               0.194            7.792
      3        2.800             1.134               0.809               1.570               0.180            7.807
      3        2.850             1.153               0.808               1.570               0.173            7.813
0
      4        2.850             1.153               1.407               2.444               0.570            7.417
      4        2.950             1.180               1.404               2.444               0.535            7.451
      4        3.050             1.207               1.401               2.444               0.502            7.484
      4        3.150             1.234               1.398               2.444               0.472            7.514
      4        3.250             1.261               1.395               2.444               0.444            7.543
      4        3.350             1.287               1.392               2.444               0.417            7.569
      4        3.450             1.314               1.389               2.444               0.393            7.594
      4        3.550             1.341               1.386               2.444               0.370            7.617
      4        3.650             1.368               1.383               2.444               0.348            7.638
      4        3.750             1.395               1.380               2.444               0.328            7.658
      4        3.850             1.422               1.377               2.444               0.309            7.677
      4        3.950             1.449               1.374               2.444               0.291            7.695
      4        4.050             1.475               1.372               2.444               0.275            7.711
      4        4.150             1.502               1.369               2.444               0.260            7.727
      4        4.250             1.529               1.366               2.444               0.245            7.741
      4        4.350             1.556               1.363               2.444               0.232            7.754
      4        4.450             1.583               1.360               2.444               0.219            7.767
      4        4.550             1.610               1.357               2.444               0.208            7.779
      4        4.650             1.637               1.354               2.444               0.197            7.790
      4        4.750             1.663               1.351               2.444               0.187            7.800
      4        4.850             1.690               1.348               2.444               0.177            7.809
      4        4.950             1.717               1.346               2.444               0.168            7.818
      4        5.040             1.741               1.343               2.444               0.161            7.826
0
      5        5.040             1.741               1.330               2.404               0.325            7.662
      5        5.140             1.770               1.327               2.404               0.304            7.683
      5        5.240             1.799               1.324               2.404               0.284            7.702
      5        5.340             1.827               1.321               2.404               0.266            7.720
      5        5.440             1.856               1.318               2.404               0.250            7.737
      5        5.540             1.885               1.315               2.404               0.234            7.752
      5        5.640             1.913               1.312               2.404               0.220            7.766
      5        5.740             1.942               1.309               2.404               0.207            7.780
      5        5.840             1.970               1.306               2.404               0.194            7.792
      5        5.940             1.999               1.303               2.404               0.183            7.804
      5        6.040             2.028               1.301               2.404               0.172            7.814
      5        6.140             2.056               1.298               2.404               0.162            7.824
      5        6.240             2.085               1.295               2.404               0.153            7.833
      5        6.340             2.114               1.292               2.404               0.145            7.841
      5        6.390             2.128               1.290               2.404               0.141            7.845
0
      6        6.390             2.128               1.271               1.925               1.425            6.561
      6        6.490             2.143               1.269               1.925               1.390            6.596
      6        6.590             2.158               1.267               1.925               1.357            6.630
      6        6.690             2.173               1.266               1.925               1.324            6.662
      6        6.790             2.189               1.264               1.925               1.292            6.694
      6        6.890             2.204               1.263               1.925               1.261            6.726
      6        6.990             2.219               1.261               1.925               1.230            6.756
      6        7.090             2.234               1.260               1.925               1.201            6.786
      6        7.130             2.240               1.259               1.925               1.189            6.797
0
