1                                           STEADY-STATE DISSOLVED OXYGEN CALCULATIONS
0                                           Wasteload Allocation Model for Walnut Creek, Alabama  October 1991 Hydra
0                                                           NO OF SEGMENTS =  6
0                                              RATIO OF ULTIMATE CBOD TO CBOD5 =    1.00
0                                                         PRINTING INTERVAL =    0.10
0                                                      STARTING VALUE OF XL =    -0.20
0                                                    I N P U T  P A R A M E T E R S 
0                                                          CONCENTRATIONS OF --
0            SEGMENT                      CARBONACEOUS 5-DAY CBOD              NITROGENOUS BOD           DO DEFICIT
0
                1                            1.200                         2.876                         2.500
                2                            0.000                         0.000                         0.000
                3                            1.200                         1.300                         2.000
                4                            1.200                         2.000                         2.000
                5                            1.200                         2.000                         2.000
                6                            1.260                         1.670                         2.110
0                                                         DIRECT DISCHARGES OF --
0            SEGMENT                      CARBONACEOUS 5-DAY BOD           NITROGENOUS BOD               DO DEFICIT
0
                1                            0.000                         0.000                         0.000
                2                            0.000                         0.000                        19.200
                3                            0.000                         0.000                         0.000
                4                           44.400                        66.600                         9.100
                5                            0.000                         0.000                         0.000
                6                            0.000                         0.000                         0.000
0          SEGMENT                      NET PHOTOSYNTHETIC DO PRODUCTION      BENTHIC DO DEMAND
                                                  (mg/l/day)                       (g/sq m/day)
0              1                                      0.000                            0.000
              2                                      0.000                            0.000
              3                                      0.000                            0.000
              4                                      0.000                            0.000
              5                                      0.000                            0.000
              6                                      0.000                            0.000

                                                  G E O M E T R Y

  SEGMENT         FLOW                AREA               HEIGHT               TEMP                 LENGTH
                  (cfs)              (sqft)               (ft)             (Deg Cent)             (mi)

      1              6.1                36.                0.50                27.00                 0.00
      2              4.8                65.                0.50                27.00                 1.20
      3              2.0                82.                0.75                27.00                 2.85
      4              2.4                67.                1.00                27.00                 5.04
      5              1.5                79.                2.00                27.00                 6.39
      6             31.5               120.                4.50                27.00                 7.13
0                                             R E A C T I O N  C O E F F I C I E N T S (/day)
0   SEGMENT               Kr                            Kd                            Kn                            Ka
0
     1                 0.000                         0.000                         0.000
     2                 0.060                         0.060                         0.000
     3                 0.060                         0.060                         0.000
     4                 0.060                         0.060                         0.000
     5                 0.060                         0.060                         0.000
     6                 0.060                         0.060                         0.000
0                                               TEMPERATURE CORRECTED REACTION COEFFICIENTS
0
     1                 0.000                         0.000                         0.000                         0.000
     2                 0.083                         0.083                         0.000                         2.775
     3                 0.083                         0.083                         0.000                         2.328
     4                 0.083                         0.083                         0.000                         2.543
     5                 0.083                         0.083                         0.000                         2.663
     6                 0.083                         0.083                         0.000                         1.694
0                                 SEGMENT                    DISSOLVED OXYGEN SATURATION (mg/l)
                                  1                                      7.986
                                  2                                      7.986
                                  3                                      7.986
                                  4                                      7.986
                                  5                                      7.986
                                  6                                      7.986
0  SEGMENT   DISTANCE       TRAVEL TIME     CARBONACEOUS BOD5      NITROGENOUS BOD           DO DEFICIT        DO
0
      1       -0.200             0.000               1.200               2.876               2.500            5.486
      1       -0.100             0.036               1.200               2.876               2.500            5.486
      1        0.000             0.071               1.200               2.876               2.500            5.486
0
      2        0.000             0.071               0.676               1.620               1.734            6.252
      2        0.100             0.108               0.674               1.620               1.569            6.417
      2        0.200             0.144               0.672               1.620               1.420            6.567
      2        0.300             0.181               0.670               1.620               1.285            6.702
      2        0.400             0.217               0.668               1.620               1.163            6.824
      2        0.500             0.254               0.666               1.620               1.052            6.934
      2        0.600             0.290               0.664               1.620               0.953            7.033
      2        0.700             0.327               0.662               1.620               0.863            7.124
      2        0.800             0.364               0.661               1.620               0.781            7.205
      2        0.900             0.400               0.659               1.620               0.708            7.278
      2        1.000             0.437               0.657               1.620               0.642            7.345
      2        1.100             0.473               0.655               1.620               0.582            7.405
      2        1.200             0.510               0.653               1.620               0.527            7.459
0
      3        1.200             0.510               0.738               1.570               0.756            7.231
      3        1.300             0.549               0.736               1.570               0.692            7.294
      3        1.400             0.588               0.733               1.570               0.634            7.352
      3        1.500             0.627               0.731               1.570               0.581            7.405
      3        1.600             0.666               0.729               1.570               0.533            7.453
      3        1.700             0.705               0.727               1.570               0.489            7.497
      3        1.800             0.744               0.724               1.570               0.449            7.538
      3        1.900             0.783               0.722               1.570               0.412            7.574
      3        2.000             0.822               0.720               1.570               0.378            7.608
      3        2.100             0.861               0.718               1.570               0.348            7.639
      3        2.200             0.900               0.715               1.570               0.319            7.667
      3        2.300             0.939               0.713               1.570               0.294            7.692
      3        2.400             0.978               0.711               1.570               0.270            7.716
      3        2.500             1.017               0.709               1.570               0.249            7.737
      3        2.600             1.056               0.707               1.570               0.230            7.757
      3        2.700             1.095               0.704               1.570               0.212            7.775
      3        2.800             1.134               0.702               1.570               0.195            7.791
      3        2.850             1.153               0.701               1.570               0.188            7.799
0
      4        2.850             1.153               1.317               2.444               0.582            7.404
      4        2.950             1.180               1.314               2.444               0.546            7.440
      4        3.050             1.207               1.311               2.444               0.513            7.473
      4        3.150             1.234               1.309               2.444               0.482            7.504
      4        3.250             1.261               1.306               2.444               0.453            7.534
      4        3.350             1.287               1.303               2.444               0.426            7.561
      4        3.450             1.314               1.300               2.444               0.400            7.586
      4        3.550             1.341               1.297               2.444               0.376            7.610
      4        3.650             1.368               1.295               2.444               0.354            7.632
      4        3.750             1.395               1.292               2.444               0.333            7.653
      4        3.850             1.422               1.289               2.444               0.314            7.672
      4        3.950             1.449               1.287               2.444               0.296            7.690
      4        4.050             1.475               1.284               2.444               0.279            7.707
      4        4.150             1.502               1.281               2.444               0.263            7.723
      4        4.250             1.529               1.278               2.444               0.248            7.738
      4        4.350             1.556               1.276               2.444               0.235            7.752
      4        4.450             1.583               1.273               2.444               0.222            7.765
      4        4.550             1.610               1.270               2.444               0.210            7.777
      4        4.650             1.637               1.268               2.444               0.199            7.788
      4        4.750             1.663               1.265               2.444               0.188            7.798
      4        4.850             1.690               1.262               2.444               0.178            7.808
      4        4.950             1.717               1.260               2.444               0.169            7.817
      4        5.040             1.741               1.257               2.444               0.161            7.825
0
      5        5.040             1.741               1.252               2.404               0.325            7.661
      5        5.140             1.770               1.249               2.404               0.304            7.682
      5        5.240             1.799               1.246               2.404               0.285            7.702
      5        5.340             1.827               1.244               2.404               0.266            7.720
      5        5.440             1.856               1.241               2.404               0.250            7.737
      5        5.540             1.885               1.238               2.404               0.234            7.752
      5        5.640             1.913               1.235               2.404               0.219            7.767
      5        5.740             1.942               1.232               2.404               0.206            7.780
      5        5.840             1.970               1.230               2.404               0.194            7.793
      5        5.940             1.999               1.227               2.404               0.182            7.804
      5        6.040             2.028               1.224               2.404               0.171            7.815
      5        6.140             2.056               1.221               2.404               0.161            7.825
      5        6.240             2.085               1.218               2.404               0.152            7.834
      5        6.340             2.114               1.216               2.404               0.144            7.843
      5        6.390             2.128               1.214               2.404               0.140            7.847
0
      6        6.390             2.128               1.244               1.925               1.425            6.562
      6        6.490             2.143               1.243               1.925               1.390            6.596
      6        6.590             2.158               1.241               1.925               1.356            6.630
      6        6.690             2.173               1.240               1.925               1.323            6.663
      6        6.790             2.189               1.238               1.925               1.291            6.695
      6        6.890             2.204               1.237               1.925               1.260            6.726
      6        6.990             2.219               1.235               1.925               1.230            6.757
      6        7.090             2.234               1.234               1.925               1.200            6.786
      6        7.130             2.240               1.233               1.925               1.188            6.798
0
