1                                           STEADY-STATE DISSOLVED OXYGEN CALCULATIONS
0                                           Wasteload Allocation Model for Walnut Creek, Alabama  October 1991 Hydra
0                                                           NO OF SEGMENTS =  6
0                                              RATIO OF ULTIMATE CBOD TO CBOD5 =    1.00
0                                                         PRINTING INTERVAL =    0.10
0                                                      STARTING VALUE OF XL =    -0.20
0                                                    I N P U T  P A R A M E T E R S 
0                                                          CONCENTRATIONS OF --
0            SEGMENT                      CARBONACEOUS 5-DAY CBOD              NITROGENOUS BOD           DO DEFICIT
0
                1                            1.200                         2.876                         2.500
                2                            0.000                         0.000                         0.000
                3                            1.200                         1.300                         2.000
                4                            1.200                         2.000                         2.000
                5                            1.200                         2.000                         2.000
                6                            1.260                         1.670                         2.110
0                                                         DIRECT DISCHARGES OF --
0            SEGMENT                      CARBONACEOUS 5-DAY BOD           NITROGENOUS BOD               DO DEFICIT
0
                1                            0.000                         0.000                         0.000
                2                          850.000                        39.700                        19.200
                3                            0.000                         0.000                         0.000
                4                           44.400                        66.600                         9.100
                5                            0.000                         0.000                         0.000
                6                            0.000                         0.000                         0.000
0          SEGMENT                      NET PHOTOSYNTHETIC DO PRODUCTION      BENTHIC DO DEMAND
                                                  (mg/l/day)                       (g/sq m/day)
0              1                                      0.000                            0.000
              2                                      0.000                            1.000
              3                                      0.000                            0.000
              4                                      0.000                            0.000
              5                                      0.000                            0.000
              6                                      0.000                            0.000

                                                  G E O M E T R Y

  SEGMENT         FLOW                AREA               HEIGHT               TEMP                 LENGTH
                  (cfs)              (sqft)               (ft)             (Deg Cent)             (mi)

      1              6.1                36.                0.50                27.00                 0.00
      2              4.8                65.                0.50                27.00                 1.20
      3              2.0                82.                0.75                27.00                 2.85
      4              2.4                67.                1.00                27.00                 5.04
      5              1.5                79.                2.00                27.00                 6.39
      6             31.5               120.                4.50                27.00                 7.13
0                                             R E A C T I O N  C O E F F I C I E N T S (/day)
0   SEGMENT               Kr                            Kd                            Kn                            Ka
0
     1                 0.000                         0.000                         0.000
     2                 0.060                         0.060                         0.000
     3                 0.060                         0.060                         0.000
     4                 0.060                         0.060                         0.000
     5                 0.060                         0.060                         0.000
     6                 0.060                         0.060                         0.000
0                                               TEMPERATURE CORRECTED REACTION COEFFICIENTS
0
     1                 0.000                         0.000                         0.000                         0.000
     2                 0.083                         0.083                         0.000                         2.775
     3                 0.083                         0.083                         0.000                         2.328
     4                 0.083                         0.083                         0.000                         2.543
     5                 0.083                         0.083                         0.000                         2.663
     6                 0.083                         0.083                         0.000                         1.694
0                                 SEGMENT                    DISSOLVED OXYGEN SATURATION (mg/l)
                                  1                                      7.986
                                  2                                      7.986
                                  3                                      7.986
                                  4                                      7.986
                                  5                                      7.986
                                  6                                      7.986
0  SEGMENT   DISTANCE       TRAVEL TIME     CARBONACEOUS BOD5      NITROGENOUS BOD           DO DEFICIT        DO
0
      1       -0.200             0.000               1.200               2.876               2.500            5.486
      1       -0.100             0.036               1.200               2.876               2.500            5.486
      1        0.000             0.071               1.200               2.876               2.500            5.486
0
      2        0.000             0.071              15.117               2.295               1.734            6.252
      2        0.100             0.108              15.073               2.295               1.909            6.078
      2        0.200             0.144              15.030               2.295               2.066            5.920
      2        0.300             0.181              14.987               2.295               2.208            5.778
      2        0.400             0.217              14.944               2.295               2.336            5.650
      2        0.500             0.254              14.901               2.295               2.452            5.535
      2        0.600             0.290              14.858               2.295               2.556            5.430
      2        0.700             0.327              14.815               2.295               2.651            5.336
      2        0.800             0.364              14.772               2.295               2.736            5.251
      2        0.900             0.400              14.730               2.295               2.812            5.174
      2        1.000             0.437              14.687               2.295               2.882            5.105
      2        1.100             0.473              14.645               2.295               2.944            5.042
      2        1.200             0.510              14.603               2.295               3.000            4.986
0
      3        1.200             0.510              12.525               2.140               2.845            5.141
      3        1.300             0.549              12.486               2.140               2.635            5.351
      3        1.400             0.588              12.448               2.140               2.443            5.543
      3        1.500             0.627              12.410               2.140               2.268            5.719
      3        1.600             0.666              12.371               2.140               2.107            5.879
      3        1.700             0.705              12.333               2.140               1.961            6.025
      3        1.800             0.744              12.296               2.140               1.827            6.159
      3        1.900             0.783              12.258               2.140               1.705            6.282
      3        2.000             0.822              12.220               2.140               1.593            6.394
      3        2.100             0.861              12.182               2.140               1.490            6.496
      3        2.200             0.900              12.145               2.140               1.397            6.589
      3        2.300             0.939              12.108               2.140               1.311            6.675
      3        2.400             0.978              12.070               2.140               1.233            6.753
      3        2.500             1.017              12.033               2.140               1.162            6.825
      3        2.600             1.056              11.996               2.140               1.096            6.890
      3        2.700             1.095              11.960               2.140               1.036            6.950
      3        2.800             1.134              11.923               2.140               0.982            7.005
      3        2.850             1.153              11.904               2.140               0.956            7.030
0
      4        2.850             1.153              10.763               2.924               1.230            6.757
      4        2.950             1.180              10.740               2.924               1.171            6.816
      4        3.050             1.207              10.717               2.924               1.115            6.871
      4        3.150             1.234              10.694               2.924               1.064            6.923
      4        3.250             1.261              10.672               2.924               1.015            6.971
      4        3.350             1.287              10.649               2.924               0.970            7.016
      4        3.450             1.314              10.627               2.924               0.928            7.059
      4        3.550             1.341              10.604               2.924               0.888            7.098
      4        3.650             1.368              10.582               2.924               0.851            7.135
      4        3.750             1.395              10.559               2.924               0.817            7.170
      4        3.850             1.422              10.537               2.924               0.785            7.202
      4        3.950             1.449              10.514               2.924               0.754            7.232
      4        4.050             1.475              10.492               2.924               0.726            7.260
      4        4.150             1.502              10.470               2.924               0.700            7.287
      4        4.250             1.529              10.448               2.924               0.675            7.312
      4        4.350             1.556              10.426               2.924               0.652            7.335
      4        4.450             1.583              10.404               2.924               0.630            7.356
      4        4.550             1.610              10.382               2.924               0.610            7.377
      4        4.650             1.637              10.360               2.924               0.591            7.396
      4        4.750             1.663              10.338               2.924               0.573            7.413
      4        4.850             1.690              10.316               2.924               0.556            7.430
      4        4.950             1.717              10.294               2.924               0.541            7.446
      4        5.040             1.741              10.274               2.924               0.527            7.459
0
      5        5.040             1.741               9.464               2.842               0.659            7.327
      5        5.140             1.770               9.443               2.842               0.631            7.355
      5        5.240             1.799               9.421               2.842               0.605            7.381
      5        5.340             1.827               9.400               2.842               0.581            7.405
      5        5.440             1.856               9.379               2.842               0.559            7.427
      5        5.540             1.885               9.358               2.842               0.538            7.448
      5        5.640             1.913               9.336               2.842               0.519            7.467
      5        5.740             1.942               9.315               2.842               0.501            7.485
      5        5.840             1.970               9.294               2.842               0.485            7.502
      5        5.940             1.999               9.273               2.842               0.469            7.517
      5        6.040             2.028               9.252               2.842               0.455            7.531
      5        6.140             2.056               9.232               2.842               0.442            7.545
      5        6.240             2.085               9.211               2.842               0.429            7.557
      5        6.340             2.114               9.190               2.842               0.418            7.568
      5        6.390             2.128               9.180               2.842               0.412            7.574
0
      6        6.390             2.128               4.015               2.078               1.520            6.467
      6        6.490             2.143               4.010               2.078               1.486            6.501
      6        6.590             2.158               4.005               2.078               1.453            6.533
      6        6.690             2.173               4.000               2.078               1.421            6.566
      6        6.790             2.189               3.995               2.078               1.390            6.597
      6        6.890             2.204               3.991               2.078               1.359            6.627
      6        6.990             2.219               3.986               2.078               1.329            6.657
      6        7.090             2.234               3.981               2.078               1.300            6.686
      6        7.130             2.240               3.979               2.078               1.289            6.697
0
