1                                           STEADY-STATE DISSOLVED OXYGEN CALCULATIONS
0                                           Wasteload Allocation Model for Walnut Creek, Alabama  October 1991 Hydra
0                                                           NO OF SEGMENTS =  6
0                                              RATIO OF ULTIMATE CBOD TO CBOD5 =    1.00
0                                                         PRINTING INTERVAL =    0.10
0                                                      STARTING VALUE OF XL =    -0.20
0                                                    I N P U T  P A R A M E T E R S 
0                                                          CONCENTRATIONS OF --
0            SEGMENT                      CARBONACEOUS 5-DAY CBOD              NITROGENOUS BOD           DO DEFICIT
0
                1                            1.200                         2.876                         2.500
                2                            0.000                         0.000                         0.000
                3                            1.200                         1.300                         2.000
                4                            1.200                         2.000                         2.000
                5                            1.200                         2.000                         2.000
                6                            1.260                         1.670                         2.110
0                                                         DIRECT DISCHARGES OF --
0            SEGMENT                      CARBONACEOUS 5-DAY BOD           NITROGENOUS BOD               DO DEFICIT
0
                1                            0.000                         0.000                         0.000
                2                            0.000                        39.700                         0.000
                3                            0.000                         0.000                         0.000
                4                           44.400                        66.600                         9.100
                5                            0.000                         0.000                         0.000
                6                            0.000                         0.000                         0.000
0          SEGMENT                      NET PHOTOSYNTHETIC DO PRODUCTION      BENTHIC DO DEMAND
                                                  (mg/l/day)                       (g/sq m/day)
0              1                                      0.000                            0.000
              2                                      0.000                            0.000
              3                                      0.000                            0.000
              4                                      0.000                            0.000
              5                                      0.000                            0.000
              6                                      0.000                            0.000

                                                  G E O M E T R Y

  SEGMENT         FLOW                AREA               HEIGHT               TEMP                 LENGTH
                  (cfs)              (sqft)               (ft)             (Deg Cent)             (mi)

      1              6.1                36.                0.50                27.00                 0.00
      2              4.8                65.                0.50                27.00                 1.20
      3              2.0                82.                0.75                27.00                 2.85
      4              2.4                67.                1.00                27.00                 5.04
      5              1.5                79.                2.00                27.00                 6.39
      6             31.5               120.                4.50                27.00                 7.13
0                                             R E A C T I O N  C O E F F I C I E N T S (/day)
0   SEGMENT               Kr                            Kd                            Kn                            Ka
0
     1                 0.000                         0.000                         0.000
     2                 0.060                         0.060                         0.000
     3                 0.060                         0.060                         0.000
     4                 0.060                         0.060                         0.000
     5                 0.060                         0.060                         0.000
     6                 0.060                         0.060                         0.000
0                                               TEMPERATURE CORRECTED REACTION COEFFICIENTS
0
     1                 0.000                         0.000                         0.000                         0.000
     2                 0.083                         0.083                         0.000                         2.775
     3                 0.083                         0.083                         0.000                         2.328
     4                 0.083                         0.083                         0.000                         2.543
     5                 0.083                         0.083                         0.000                         2.663
     6                 0.083                         0.083                         0.000                         1.694
0                                 SEGMENT                    DISSOLVED OXYGEN SATURATION (mg/l)
                                  1                                      7.986
                                  2                                      7.986
                                  3                                      7.986
                                  4                                      7.986
                                  5                                      7.986
                                  6                                      7.986
0  SEGMENT   DISTANCE       TRAVEL TIME     CARBONACEOUS BOD5      NITROGENOUS BOD           DO DEFICIT        DO
0
      1       -0.200             0.000               1.200               2.876               2.500            5.486
      1       -0.100             0.036               1.200               2.876               2.500            5.486
      1        0.000             0.071               1.200               2.876               2.500            5.486
0
      2        0.000             0.071               0.676               2.295               1.408            6.578
      2        0.100             0.108               0.674               2.295               1.274            6.712
      2        0.200             0.144               0.672               2.295               1.153            6.833
      2        0.300             0.181               0.670               2.295               1.044            6.942
      2        0.400             0.217               0.668               2.295               0.945            7.041
      2        0.500             0.254               0.666               2.295               0.856            7.130
      2        0.600             0.290               0.664               2.295               0.775            7.211
      2        0.700             0.327               0.662               2.295               0.702            7.284
      2        0.800             0.364               0.661               2.295               0.636            7.350
      2        0.900             0.400               0.659               2.295               0.577            7.409
      2        1.000             0.437               0.657               2.295               0.523            7.463
      2        1.100             0.473               0.655               2.295               0.475            7.512
      2        1.200             0.510               0.653               2.295               0.431            7.556
0
      3        1.200             0.510               0.738               2.140               0.674            7.312
      3        1.300             0.549               0.736               2.140               0.618            7.369
      3        1.400             0.588               0.733               2.140               0.566            7.420
      3        1.500             0.627               0.731               2.140               0.519            7.467
      3        1.600             0.666               0.729               2.140               0.476            7.510
      3        1.700             0.705               0.727               2.140               0.437            7.549
      3        1.800             0.744               0.724               2.140               0.401            7.585
      3        1.900             0.783               0.722               2.140               0.369            7.618
      3        2.000             0.822               0.720               2.140               0.339            7.648
      3        2.100             0.861               0.718               2.140               0.311            7.675
      3        2.200             0.900               0.715               2.140               0.287            7.700
      3        2.300             0.939               0.713               2.140               0.264            7.723
      3        2.400             0.978               0.711               2.140               0.243            7.743
      3        2.500             1.017               0.709               2.140               0.224            7.762
      3        2.600             1.056               0.707               2.140               0.207            7.780
      3        2.700             1.095               0.704               2.140               0.191            7.796
      3        2.800             1.134               0.702               2.140               0.176            7.810
      3        2.850             1.153               0.701               2.140               0.170            7.817
0
      4        2.850             1.153               1.317               2.924               0.567            7.420
      4        2.950             1.180               1.314               2.924               0.532            7.454
      4        3.050             1.207               1.311               2.924               0.500            7.487
      4        3.150             1.234               1.309               2.924               0.469            7.517
      4        3.250             1.261               1.306               2.924               0.441            7.545
      4        3.350             1.287               1.303               2.924               0.415            7.572
      4        3.450             1.314               1.300               2.924               0.390            7.596
      4        3.550             1.341               1.297               2.924               0.367            7.620
      4        3.650             1.368               1.295               2.924               0.345            7.641
      4        3.750             1.395               1.292               2.924               0.325            7.661
      4        3.850             1.422               1.289               2.924               0.306            7.680
      4        3.950             1.449               1.287               2.924               0.289            7.698
      4        4.050             1.475               1.284               2.924               0.272            7.714
      4        4.150             1.502               1.281               2.924               0.257            7.729
      4        4.250             1.529               1.278               2.924               0.243            7.744
      4        4.350             1.556               1.276               2.924               0.229            7.757
      4        4.450             1.583               1.273               2.924               0.217            7.770
      4        4.550             1.610               1.270               2.924               0.205            7.781
      4        4.650             1.637               1.268               2.924               0.194            7.792
      4        4.750             1.663               1.265               2.924               0.184            7.803
      4        4.850             1.690               1.262               2.924               0.174            7.812
      4        4.950             1.717               1.260               2.924               0.165            7.821
      4        5.040             1.741               1.257               2.924               0.158            7.829
0
      5        5.040             1.741               1.252               2.842               0.322            7.664
      5        5.140             1.770               1.249               2.842               0.301            7.685
      5        5.240             1.799               1.246               2.842               0.282            7.704
      5        5.340             1.827               1.244               2.842               0.264            7.722
      5        5.440             1.856               1.241               2.842               0.247            7.739
      5        5.540             1.885               1.238               2.842               0.232            7.755
      5        5.640             1.913               1.235               2.842               0.217            7.769
      5        5.740             1.942               1.232               2.842               0.204            7.782
      5        5.840             1.970               1.230               2.842               0.192            7.794
      5        5.940             1.999               1.227               2.842               0.180            7.806
      5        6.040             2.028               1.224               2.842               0.170            7.816
      5        6.140             2.056               1.221               2.842               0.160            7.826
      5        6.240             2.085               1.218               2.842               0.151            7.835
      5        6.340             2.114               1.216               2.842               0.143            7.844
      5        6.390             2.128               1.214               2.842               0.139            7.848
0
      6        6.390             2.128               1.244               2.078               1.424            6.562
      6        6.490             2.143               1.243               2.078               1.390            6.597
      6        6.590             2.158               1.241               2.078               1.356            6.630
      6        6.690             2.173               1.240               2.078               1.323            6.663
      6        6.790             2.189               1.238               2.078               1.291            6.695
      6        6.890             2.204               1.237               2.078               1.260            6.727
      6        6.990             2.219               1.235               2.078               1.229            6.757
      6        7.090             2.234               1.234               2.078               1.200            6.787
      6        7.130             2.240               1.233               2.078               1.188            6.798
0
