1                                           STEADY-STATE DISSOLVED OXYGEN CALCULATIONS
0                                           Wasteload Allocation Model for Walnut Creek, Alabama  October 1991 Hydra
0                                                           NO OF SEGMENTS =  6
0                                              RATIO OF ULTIMATE CBOD TO CBOD5 =    1.00
0                                                         PRINTING INTERVAL =    0.10
0                                                      STARTING VALUE OF XL =    -0.20
0                                                    I N P U T  P A R A M E T E R S 
0                                                          CONCENTRATIONS OF --
0            SEGMENT                      CARBONACEOUS 5-DAY CBOD              NITROGENOUS BOD           DO DEFICIT
0
                1                            1.200                         2.876                         2.500
                2                            0.000                         0.000                         0.000
                3                            1.200                         1.300                         2.000
                4                            1.200                         2.000                         2.000
                5                            1.200                         2.000                         2.000
                6                            1.260                         1.670                         2.110
0                                                         DIRECT DISCHARGES OF --
0            SEGMENT                      CARBONACEOUS 5-DAY BOD           NITROGENOUS BOD               DO DEFICIT
0
                1                            0.000                         0.000                         0.000
                2                            0.000                         0.000                         0.000
                3                            0.000                         0.000                         0.000
                4                           44.400                        66.600                         9.100
                5                            0.000                         0.000                         0.000
                6                            0.000                         0.000                         0.000
0          SEGMENT                      NET PHOTOSYNTHETIC DO PRODUCTION      BENTHIC DO DEMAND
                                                  (mg/l/day)                       (g/sq m/day)
0              1                                      0.000                            0.000
              2                                      0.000                            0.000
              3                                      0.000                            1.000
              4                                      0.000                            1.000
              5                                      0.000                            1.000
              6                                      0.000                            1.000

                                                  G E O M E T R Y

  SEGMENT         FLOW                AREA               HEIGHT               TEMP                 LENGTH
                  (cfs)              (sqft)               (ft)             (Deg Cent)             (mi)

      1              6.1                36.                0.50                27.00                 0.00
      2              4.8                65.                0.50                27.00                 1.20
      3              2.0                82.                0.75                27.00                 2.85
      4              2.4                67.                1.00                27.00                 5.04
      5              1.5                79.                2.00                27.00                 6.39
      6             31.5               120.                4.50                27.00                 7.13
0                                             R E A C T I O N  C O E F F I C I E N T S (/day)
0   SEGMENT               Kr                            Kd                            Kn                            Ka
0
     1                 0.000                         0.000                         0.000
     2                 0.060                         0.060                         0.000
     3                 0.060                         0.060                         0.000
     4                 0.060                         0.060                         0.000
     5                 0.060                         0.060                         0.000
     6                 0.060                         0.060                         0.000
0                                               TEMPERATURE CORRECTED REACTION COEFFICIENTS
0
     1                 0.000                         0.000                         0.000                         0.000
     2                 0.083                         0.083                         0.000                         2.775
     3                 0.083                         0.083                         0.000                         2.328
     4                 0.083                         0.083                         0.000                         2.543
     5                 0.083                         0.083                         0.000                         2.663
     6                 0.083                         0.083                         0.000                         1.694
0                                 SEGMENT                    DISSOLVED OXYGEN SATURATION (mg/l)
                                  1                                      7.986
                                  2                                      7.986
                                  3                                      7.986
                                  4                                      7.986
                                  5                                      7.986
                                  6                                      7.986
0  SEGMENT   DISTANCE       TRAVEL TIME     CARBONACEOUS BOD5      NITROGENOUS BOD           DO DEFICIT        DO
0
      1       -0.200             0.000               1.200               2.876               2.500            5.486
      1       -0.100             0.036               1.200               2.876               2.500            5.486
      1        0.000             0.071               1.200               2.876               2.500            5.486
0
      2        0.000             0.071               0.676               1.620               1.408            6.578
      2        0.100             0.108               0.674               1.620               1.274            6.712
      2        0.200             0.144               0.672               1.620               1.153            6.833
      2        0.300             0.181               0.670               1.620               1.044            6.942
      2        0.400             0.217               0.668               1.620               0.945            7.041
      2        0.500             0.254               0.666               1.620               0.856            7.130
      2        0.600             0.290               0.664               1.620               0.775            7.211
      2        0.700             0.327               0.662               1.620               0.702            7.284
      2        0.800             0.364               0.661               1.620               0.636            7.350
      2        0.900             0.400               0.659               1.620               0.577            7.409
      2        1.000             0.437               0.657               1.620               0.523            7.463
      2        1.100             0.473               0.655               1.620               0.475            7.512
      2        1.200             0.510               0.653               1.620               0.431            7.556
0
      3        1.200             0.510               0.738               1.570               0.674            7.312
      3        1.300             0.549               0.736               1.570               0.832            7.154
      3        1.400             0.588               0.733               1.570               0.977            7.010
      3        1.500             0.627               0.731               1.570               1.109            6.878
      3        1.600             0.666               0.729               1.570               1.229            6.757
      3        1.700             0.705               0.727               1.570               1.339            6.647
      3        1.800             0.744               0.724               1.570               1.440            6.547
      3        1.900             0.783               0.722               1.570               1.532            6.455
      3        2.000             0.822               0.720               1.570               1.615            6.371
      3        2.100             0.861               0.718               1.570               1.692            6.294
      3        2.200             0.900               0.715               1.570               1.762            6.225
      3        2.300             0.939               0.713               1.570               1.826            6.161
      3        2.400             0.978               0.711               1.570               1.884            6.102
      3        2.500             1.017               0.709               1.570               1.937            6.049
      3        2.600             1.056               0.707               1.570               1.986            6.001
      3        2.700             1.095               0.704               1.570               2.030            5.956
      3        2.800             1.134               0.702               1.570               2.071            5.916
      3        2.850             1.153               0.701               1.570               2.089            5.897
0
      4        2.850             1.153               1.317               2.444               2.186            5.801
      4        2.950             1.180               1.314               2.444               2.156            5.830
      4        3.050             1.207               1.311               2.444               2.128            5.858
      4        3.150             1.234               1.309               2.444               2.103            5.884
      4        3.250             1.261               1.306               2.444               2.079            5.908
      4        3.350             1.287               1.303               2.444               2.056            5.930
      4        3.450             1.314               1.300               2.444               2.035            5.951
      4        3.550             1.341               1.297               2.444               2.015            5.971
      4        3.650             1.368               1.295               2.444               1.997            5.989
      4        3.750             1.395               1.292               2.444               1.980            6.006
      4        3.850             1.422               1.289               2.444               1.964            6.022
      4        3.950             1.449               1.287               2.444               1.949            6.037
      4        4.050             1.475               1.284               2.444               1.935            6.051
      4        4.150             1.502               1.281               2.444               1.922            6.064
      4        4.250             1.529               1.278               2.444               1.910            6.077
      4        4.350             1.556               1.276               2.444               1.898            6.088
      4        4.450             1.583               1.273               2.444               1.888            6.099
      4        4.550             1.610               1.270               2.444               1.878            6.109
      4        4.650             1.637               1.268               2.444               1.869            6.118
      4        4.750             1.663               1.265               2.444               1.860            6.127
      4        4.850             1.690               1.262               2.444               1.852            6.135
      4        4.950             1.717               1.260               2.444               1.844            6.142
      4        5.040             1.741               1.257               2.444               1.838            6.149
0
      5        5.040             1.741               1.252               2.404               1.852            6.134
      5        5.140             1.770               1.249               2.404               1.778            6.208
      5        5.240             1.799               1.246               2.404               1.710            6.276
      5        5.340             1.827               1.244               2.404               1.647            6.340
      5        5.440             1.856               1.241               2.404               1.588            6.398
      5        5.540             1.885               1.238               2.404               1.534            6.453
      5        5.640             1.913               1.235               2.404               1.483            6.503
      5        5.740             1.942               1.232               2.404               1.436            6.550
      5        5.840             1.970               1.230               2.404               1.393            6.593
      5        5.940             1.999               1.227               2.404               1.353            6.633
      5        6.040             2.028               1.224               2.404               1.316            6.670
      5        6.140             2.056               1.221               2.404               1.281            6.705
      5        6.240             2.085               1.218               2.404               1.250            6.737
      5        6.340             2.114               1.216               2.404               1.220            6.766
      5        6.390             2.128               1.214               2.404               1.206            6.780
0
      6        6.390             2.128               1.244               1.925               1.796            6.191
      6        6.490             2.143               1.243               1.925               1.766            6.220
      6        6.590             2.158               1.241               1.925               1.737            6.249
      6        6.690             2.173               1.240               1.925               1.709            6.278
      6        6.790             2.189               1.238               1.925               1.681            6.305
      6        6.890             2.204               1.237               1.925               1.655            6.332
      6        6.990             2.219               1.235               1.925               1.628            6.358
      6        7.090             2.234               1.234               1.925               1.603            6.383
      6        7.130             2.240               1.233               1.925               1.593            6.393
0
