1                                           STEADY-STATE DISSOLVED OXYGEN CALCULATIONS
0                                           Wasteload Allocation Model for Walnut Creek, Alabama  October 1991 Hydra
0                                                           NO OF SEGMENTS =  6
0                                              RATIO OF ULTIMATE CBOD TO CBOD5 =    1.00
0                                                         PRINTING INTERVAL =    0.10
0                                                      STARTING VALUE OF XL =    -0.20
0                                                    I N P U T  P A R A M E T E R S 
0                                                          CONCENTRATIONS OF --
0            SEGMENT                      CARBONACEOUS 5-DAY CBOD              NITROGENOUS BOD           DO DEFICIT
0
                1                            0.000                         0.000                         0.000
                2                            0.000                         0.000                         0.000
                3                            1.200                         1.300                         2.000
                4                            1.200                         2.000                         2.000
                5                            1.200                         2.000                         2.000
                6                            1.260                         1.670                         2.110
0                                                         DIRECT DISCHARGES OF --
0            SEGMENT                      CARBONACEOUS 5-DAY BOD           NITROGENOUS BOD               DO DEFICIT
0
                1                            0.000                         0.000                         0.000
                2                          810.000                        39.700                        19.200
                3                            0.000                         0.000                         0.000
                4                           44.400                        66.600                         9.100
                5                            0.000                         0.000                         0.000
                6                            0.000                         0.000                         0.000
0          SEGMENT                      NET PHOTOSYNTHETIC DO PRODUCTION      BENTHIC DO DEMAND
                                                  (mg/l/day)                       (g/sq m/day)
0              1                                      0.000                            0.000
              2                                      0.000                            1.000
              3                                      0.000                            0.000
              4                                      0.000                            0.000
              5                                      0.000                            0.000
              6                                      0.000                            0.000

                                                  G E O M E T R Y

  SEGMENT         FLOW                AREA               HEIGHT               TEMP                 LENGTH
                  (cfs)              (sqft)               (ft)             (Deg Cent)             (mi)

      1              6.1                36.                0.50                27.00                 0.00
      2              4.8                65.                0.50                27.00                 1.20
      3              2.0                82.                0.75                27.00                 2.85
      4              2.4                67.                1.00                27.00                 5.04
      5              1.5                79.                2.00                27.00                 6.39
      6             31.5               120.                4.50                27.00                 7.13
0                                             R E A C T I O N  C O E F F I C I E N T S (/day)
0   SEGMENT               Kr                            Kd                            Kn                            Ka
0
     1                 0.000                         0.000                         0.000
     2                 0.060                         0.060                         0.000
     3                 0.060                         0.060                         0.000
     4                 0.060                         0.060                         0.000
     5                 0.060                         0.060                         0.000
     6                 0.060                         0.060                         0.000
0                                               TEMPERATURE CORRECTED REACTION COEFFICIENTS
0
     1                 0.000                         0.000                         0.000                         0.000
     2                 0.083                         0.083                         0.000                         2.775
     3                 0.083                         0.083                         0.000                         2.328
     4                 0.083                         0.083                         0.000                         2.543
     5                 0.083                         0.083                         0.000                         2.663
     6                 0.083                         0.083                         0.000                         1.694
0                                 SEGMENT                    DISSOLVED OXYGEN SATURATION (mg/l)
                                  1                                      7.986
                                  2                                      7.986
                                  3                                      7.986
                                  4                                      7.986
                                  5                                      7.986
                                  6                                      7.986
0  SEGMENT   DISTANCE       TRAVEL TIME     CARBONACEOUS BOD5      NITROGENOUS BOD           DO DEFICIT        DO
0
      1       -0.200             0.000               0.000               0.000               0.000            7.986
      1       -0.100             0.036               0.000               0.000               0.000            7.986
      1        0.000             0.071               0.000               0.000               0.000            7.986
0
      2        0.000             0.071              13.761               0.674               0.326            7.660
      2        0.100             0.108              13.722               0.674               0.632            7.354
      2        0.200             0.144              13.682               0.674               0.909            7.077
      2        0.300             0.181              13.643               0.674               1.159            6.828
      2        0.400             0.217              13.604               0.674               1.384            6.602
      2        0.500             0.254              13.564               0.674               1.588            6.398
      2        0.600             0.290              13.525               0.674               1.772            6.214
      2        0.700             0.327              13.486               0.674               1.938            6.048
      2        0.800             0.364              13.448               0.674               2.089            5.898
      2        0.900             0.400              13.409               0.674               2.224            5.762
      2        1.000             0.437              13.370               0.674               2.346            5.640
      2        1.100             0.473              13.332               0.674               2.457            5.530
      2        1.200             0.510              13.293               0.674               2.556            5.430
0
      3        1.200             0.510              11.418               0.771               2.470            5.516
      3        1.300             0.549              11.383               0.771               2.289            5.697
      3        1.400             0.588              11.348               0.771               2.124            5.862
      3        1.500             0.627              11.313               0.771               1.973            6.013
      3        1.600             0.666              11.279               0.771               1.835            6.151
      3        1.700             0.705              11.244               0.771               1.709            6.277
      3        1.800             0.744              11.209               0.771               1.594            6.393
      3        1.900             0.783              11.175               0.771               1.488            6.498
      3        2.000             0.822              11.141               0.771               1.392            6.594
      3        2.100             0.861              11.106               0.771               1.304            6.682
      3        2.200             0.900              11.072               0.771               1.224            6.763
      3        2.300             0.939              11.038               0.771               1.150            6.836
      3        2.400             0.978              11.004               0.771               1.083            6.904
      3        2.500             1.017              10.970               0.771               1.021            6.965
      3        2.600             1.056              10.937               0.771               0.965            7.022
      3        2.700             1.095              10.903               0.771               0.913            7.073
      3        2.800             1.134              10.870               0.771               0.866            7.121
      3        2.850             1.153              10.853               0.771               0.844            7.143
0
      4        2.850             1.153               9.876               1.770               1.135            6.851
      4        2.950             1.180               9.855               1.770               1.081            6.906
      4        3.050             1.207               9.834               1.770               1.029            6.957
      4        3.150             1.234               9.813               1.770               0.982            7.005
      4        3.250             1.261               9.793               1.770               0.937            7.050
      4        3.350             1.287               9.772               1.770               0.895            7.091
      4        3.450             1.314               9.751               1.770               0.856            7.130
      4        3.550             1.341               9.730               1.770               0.819            7.167
      4        3.650             1.368               9.710               1.770               0.785            7.201
      4        3.750             1.395               9.689               1.770               0.753            7.233
      4        3.850             1.422               9.669               1.770               0.723            7.263
      4        3.950             1.449               9.648               1.770               0.695            7.291
      4        4.050             1.475               9.628               1.770               0.669            7.317
      4        4.150             1.502               9.607               1.770               0.645            7.342
      4        4.250             1.529               9.587               1.770               0.622            7.365
      4        4.350             1.556               9.567               1.770               0.600            7.386
      4        4.450             1.583               9.547               1.770               0.580            7.406
      4        4.550             1.610               9.526               1.770               0.562            7.425
      4        4.650             1.637               9.506               1.770               0.544            7.442
      4        4.750             1.663               9.486               1.770               0.528            7.459
      4        4.850             1.690               9.466               1.770               0.512            7.474
      4        4.950             1.717               9.446               1.770               0.498            7.489
      4        5.040             1.741               9.428               1.770               0.485            7.501
0
      5        5.040             1.741               8.693               1.791               0.621            7.366
      5        5.140             1.770               8.674               1.791               0.594            7.392
      5        5.240             1.799               8.654               1.791               0.569            7.417
      5        5.340             1.827               8.634               1.791               0.546            7.440
      5        5.440             1.856               8.615               1.791               0.525            7.461
      5        5.540             1.885               8.595               1.791               0.505            7.481
      5        5.640             1.913               8.576               1.791               0.487            7.500
      5        5.740             1.942               8.557               1.791               0.470            7.517
      5        5.840             1.970               8.537               1.791               0.454            7.533
      5        5.940             1.999               8.518               1.791               0.439            7.547
      5        6.040             2.028               8.499               1.791               0.425            7.561
      5        6.140             2.056               8.480               1.791               0.413            7.574
      5        6.240             2.085               8.460               1.791               0.401            7.586
      5        6.340             2.114               8.441               1.791               0.390            7.597
      5        6.390             2.128               8.432               1.791               0.384            7.602
0
      6        6.390             2.128               3.755               1.712               1.510            6.477
      6        6.490             2.143               3.750               1.712               1.476            6.510
      6        6.590             2.158               3.746               1.712               1.443            6.543
      6        6.690             2.173               3.741               1.712               1.411            6.575
      6        6.790             2.189               3.737               1.712               1.380            6.607
      6        6.890             2.204               3.732               1.712               1.349            6.637
      6        6.990             2.219               3.728               1.712               1.319            6.667
      6        7.090             2.234               3.723               1.712               1.290            6.696
      6        7.130             2.240               3.721               1.712               1.279            6.707
0
